[debug] [2019-10-03T20:49:52.883Z] ----------------------------------------------------------------------
[debug] [2019-10-03T20:49:52.884Z] Command:       /usr/bin/node /usr/bin/firebase deploy
[debug] [2019-10-03T20:49:52.884Z] CLI Version:   7.3.2
[debug] [2019-10-03T20:49:52.884Z] Platform:      linux
[debug] [2019-10-03T20:49:52.884Z] Node Version:  v10.16.3
[debug] [2019-10-03T20:49:52.885Z] Time:          Thu Oct 03 2019 14:49:52 GMT-0600 (Mountain Daylight Time)
[debug] [2019-10-03T20:49:52.885Z] ----------------------------------------------------------------------
[debug] 
[debug] [2019-10-03T20:49:52.888Z] > command requires scopes: ["email","openid","https://www.googleapis.com/auth/cloudplatformprojects.readonly","https://www.googleapis.com/auth/firebase","https://www.googleapis.com/auth/cloud-platform"]
[debug] [2019-10-03T20:49:52.888Z] > authorizing via signed-in user
[debug] [2019-10-03T20:49:52.888Z] [iam] checking project rmc-library-data for permissions ["cloudfunctions.functions.create","cloudfunctions.functions.delete","cloudfunctions.functions.get","cloudfunctions.functions.list","cloudfunctions.functions.update","cloudfunctions.operations.get","firebase.projects.get","firebasehosting.sites.update"]
[debug] [2019-10-03T20:49:52.889Z] > refreshing access token with scopes: ["email","https://www.googleapis.com/auth/cloud-platform","https://www.googleapis.com/auth/cloudplatformprojects.readonly","https://www.googleapis.com/auth/firebase","openid"]
[debug] [2019-10-03T20:49:52.889Z] >>> HTTP REQUEST POST https://www.googleapis.com/oauth2/v3/token  
 <request body omitted>
[debug] [2019-10-03T20:49:53.009Z] <<< HTTP RESPONSE 200
[debug] [2019-10-03T20:49:53.059Z] >>> HTTP REQUEST POST https://cloudresourcemanager.googleapis.com/v1/projects/rmc-library-data:testIamPermissions  

[debug] [2019-10-03T20:49:53.311Z] <<< HTTP RESPONSE 200
[debug] [2019-10-03T20:49:53.313Z] >>> HTTP REQUEST GET https://firebase.googleapis.com/v1beta1/projects/rmc-library-data  
 
[debug] [2019-10-03T20:49:53.854Z] <<< HTTP RESPONSE 200
[info] 
[info] === Deploying to 'rmc-library-data'...
[info] 
[info] i  deploying functions, hosting
[debug] [2019-10-03T20:49:54.878Z] > [functions] package.json contents: {
  "name": "functions",
  "description": "Cloud Functions for Firebase",
  "scripts": {
    "serve": "firebase serve --only functions",
    "shell": "firebase functions:shell",
    "start": "npm run shell",
    "deploy": "firebase deploy --only functions",
    "logs": "firebase functions:log"
  },
  "engines": {
    "node": "8"
  },
  "dependencies": {
    "firebase-admin": "^8.0.0",
    "firebase-functions": "^3.1.0"
  },
  "devDependencies": {
    "firebase-functions-test": "^0.1.6"
  },
  "private": true
}
[info] i  functions: ensuring necessary APIs are enabled...
[debug] [2019-10-03T20:49:54.879Z] >>> HTTP REQUEST GET https://serviceusage.googleapis.com/v1/projects/rmc-library-data/services/cloudfunctions.googleapis.com  
 
[debug] [2019-10-03T20:49:54.880Z] >>> HTTP REQUEST GET https://serviceusage.googleapis.com/v1/projects/rmc-library-data/services/runtimeconfig.googleapis.com  
 
[debug] [2019-10-03T20:49:55.219Z] <<< HTTP RESPONSE 200
[info] ✔  functions: all necessary APIs are enabled
[debug] [2019-10-03T20:49:55.240Z] <<< HTTP RESPONSE 200
[debug] [2019-10-03T20:49:55.240Z] >>> HTTP REQUEST GET https://firebase.googleapis.com/v1beta1/projects/rmc-library-data/adminSdkConfig  
 
